[0;33m--- esp-idf-monitor 1.3.4 on /dev/ttyUSB0 115200 ---[0m
[0;33m--- Quit: Ctrl+] | Menu: Ctrl+T | Help: Ctrl+T followed by Ctrl+H ---[0m
[0;33m0x40080400: _init at ??:?
[0m
[0;33m0x40080400: _init at ??:?
[0m
[0;33m0x40080400: _init at ??:?
[0m
[0;33m0x40080400: _init at ??:?
[0m
[0;33m0x40080400: _init at ??:?
[0m
[0;33m0x40080400: _init at ??:?
[0m
[0;33m0x40080400: _init at ??:?
[0m
[0;33m0x40080400: _init at ??:?
[0m
[0;33m0x40080400: _init at ??:?
[0m
[0;33m0x40080400: _init at ??:?
[0m
[0;33m0x40080400: _init at ??:?
[0m
[0;33m0x40080400: _init at ??:?
[0m
[0;33m0x40080400: _init at ??:?
[0m
[0;33m0x40080400: _init at ??:?
[0m
[0;33m0x40080400: _init at ??:?
[0m
[0;33m0x40080400: _init at ??:?
[0m
[0;33m0x40080400: _init at ??:?
[0m
[0;33m0x40080400: _init at ??:?
[0m
[0;33m0x40080400: _init at ??:?
[0m
[0;33m0x40080400: _init at ??:?
[0m
[0;33m0x40080400: _init at ??:?
[0m
[0;33m0x40080400: _init at ??:?
[0m
[0;33m0x40080400: _init at ??:?
[0m
[0;33m0x40080400: _init at ??:?
[0m
[0;33m0x40080400: _init at ??:?
[0m
[0;33m0x40080400: _init at ??:?
[0m
[0;33m0x40080400: _init at ??:?
[0m
[0;33m0x40080400: _init at ??:?
[0m
[0;33m0x40080400: _init at ??:?
[0m
[0;33m0x40080400: _init at ??:?
[0m
[0;33m0x40080400: _init at ??:?
[0m
[0;33m0x40080400: _init at ??:?
[0m
[0;33m0x40080400: _init at ??:?
[0m
[0;33m0x40080400: _init at ??:?
[0m
[0;33m0x40080400: _init at ??:?
[0m
[0;33m0x40080400: _init at ??:?
[0m
[0;33m0x40080400: _init at ??:?
[0m
[0;33m0x40080400: _init at ??:?
[0m
[0;33m0x40080400: _init at ??:?
[0m
[0;33m0x40080400: _init at ??:?
[0m
[0;33m0x40080400: _init at ??:?
[0m
[0;33m0x40080400: _init at ??:?
[0m
[0;33m0x40080400: _init at ??:?
[0m
[0;33m0x40080400: _init at ??:?
[0m
[0;33m0x40080400: _init at ??:?
[0m
[0;33m0x40080400: _init at ??:?
[0m
[0;33m0x40080400: _init at ??:?
[0m
[0;33m0x40080400: _init at ??:?
[0m
[0;33m0x40080400: _init at ??:?
[0m
[0;33m0x40080400: _init at ??:?
[0m
[0;33m0x40080400: _init at ??:?
[0m
[0;33m0x40080400: _init at ??:?
[0m
[0;33m0x40080400: _init at ??:?
[0m
[0;33m0x40080400: _init at ??:?
[0m
[0;33m0x40080400: _init at ??:?
[0m
[0;33m0x40080400: _init at ??:?
[0m
[0;33m0x40080400: _init at ??:?
[0m
[0;33m0x40080400: _init at ??:?
[0m
[0;33m0x40080400: _init at ??:?
[0m
[0;33m0x40080400: _init at ??:?
[0m
[0;33m0x40080400: _init at ??:?
[0m
[0;33m0x40080400: _init at ??:?
[0m
[1;31mNone[0m
[0;33mWaiting for the device to reconnect[0m[0;33m.[0m[0;33m.[0m[0;33m.[0m[0;33m.[0m[0;33m.[0m[0;33m.[0m[0;33m[0m
[0;33m0x40080400: _init at ??:?
[0m
[0;33m0x40080400: _init at ??:?
[0m
[0;33m0x40080400: _init at ??:?
[0m
[0;33m0x40080400: _init at ??:?
[0m
[0;33m0x40080400: _init at ??:?
[0m
[0;33m0x40080400: _init at ??:?
[0m
[0;33m0x40080400: _init at ??:?
[0m
[0;33m0x40080400: _init at ??:?
[0m
[0;33m0x40080400: _init at ??:?
[0m
[0;33m0x40080400: _init at ??:?
[0m
[0;33m0x40080400: _init at ??:?
[0m
[0;33m0x40080400: _init at ??:?
[0m
[0;33m0x40080400: _init at ??:?
[0m
[0;33m0x40080400: _init at ??:?
[0m
[0;33m0x40080400: _init at ??:?
[0m
[0;33m0x40080400: _init at ??:?
[0m
[0;33m0x40080400: _init at ??:?
[0m
[0;33m0x40080400: _init at ??:?
[0m
[0;33m0x40080400: _init at ??:?
[0m
[0;33m0x40080400: _init at ??:?
[0m
[0;33m0x40080400: _init at ??:?
[0m
[0;33m0x40080400: _init at ??:?
[0m
[0;33m0x40080400: _init at ??:?
[0m
[0;33m0x40080400: _init at ??:?
[0m
[0;33m0x40080400: _init at ??:?
[0m
[0;33m0x40080400: _init at ??:?
[0m
[0;33m0x40080400: _init at ??:?
[0m
[0;33m0x40080400: _init at ??:?
[0m
[0;33m0x40080400: _init at ??:?
[0m
[0;33m0x40080400: _init at ??:?
[0m
[0;33m0x40080400: _init at ??:?
[0m
[0;33m0x40080400: _init at ??:?
[0m
[0;33m0x40080400: _init at ??:?
[0m
[0;33m0x40080400: _init at ??:?
[0m
[0;33m0x40080400: _init at ??:?
[0m
[0;33m0x40080400: _init at ??:?
[0m
[0;33m0x40080400: _init at ??:?
[0m
[0;33m0x40080400: _init at ??:?
[0m
[0;33m0x40080400: _init at ??:?
[0m
[0;33m0x40080400: _init at ??:?
[0m
[0;33m0x40080400: _init at ??:?
[0m
[0;33m0x40080400: _init at ??:?
[0m
[0;33m0x40080400: _init at ??:?
[0m
[0;33m0x40080400: _init at ??:?
[0m
[0;33m0x40080400: _init at ??:?
[0m
[0;33m0x40080400: _init at ??:?
[0m
[0;33m0x40080400: _init at ??:?
[0m
[0;33m0x40080400: _init at ??:?
[0m
[0;33m0x40080400: _init at ??:?
[0m
[0;33m0x40080400: _init at ??:?
[0m
[0;33m0x40080400: _init at ??:?
[0m
[0;33m0x40080400: _init at ??:?
[0m
[0;33m0x40080400: _init at ??:?
[0m
[0;33m0x40080400: _init at ??:?
[0m
[1;31mNone[0m
[0;33mWaiting for the device to reconnect[0m[0;33m.[0m[0;33m.[0m[0;33m[0m
[0;33m0x40080400: _init at ??:?
[0m
[0;33m0x40080400: _init at ??:?
[0m
[0;33m0x40080400: _init at ??:?
[0m
[0;33m0x40080400: _init at ??:?
[0m
[0;33m0x40080400: _init at ??:?
[0m
[0;33m0x40080400: _init at ??:?
[0m
[0;33m0x40080400: _init at ??:?
[0m
[0;33m0x40080400: _init at ??:?
[0m
[0;33m0x40080400: _init at ??:?
[0m
[0;33m0x40080400: _init at ??:?
[0m
[0;33m0x40080400: _init at ??:?
[0m
[0;33m0x40080400: _init at ??:?
[0m
[0;33m0x40080400: _init at ??:?
[0m
[0;33m0x40080400: _init at ??:?
[0m
[0;33m0x40080400: _init at ??:?
[0m
[0;33m0x40080400: _init at ??:?
[0m
[0;33m0x40080400: _init at ??:?
[0m
[0;33m0x40080400: _init at ??:?
[0m
[0;33m0x40080400: _init at ??:?
[0m
[1;31mNone[0m
[0;33mWaiting for the device to reconnect[0m[0;33m.[0m[0;33m.[0m[0;33m.[0m[0;33m.[0m[0;33m.[0m[0;33m.[0m[0;33m.[0m[0;33m.[0m[0;33m.[0m[0;33m.[0m[0;33m.[0m[0;33m.[0m[0;33m.[0m[0;33m.[0m[0;33m.[0mException in thread Thread-2 (_run_outer):
Traceback (most recent call last):
  File "/home/suchy/.espressif/python_env/idf5.1_py3.10_env/lib/python3.10/site-packages/esp_idf_monitor/base/serial_reader.py", line 59, in run
    data = self.serial.read(self.serial.in_waiting or 1)
  File "/home/suchy/.espressif/python_env/idf5.1_py3.10_env/lib/python3.10/site-packages/serial/serialposix.py", line 595, in read
    raise SerialException(
serial.serialutil.SerialException: device reports readiness to read but returned no data (device disconnected or multiple access on port?)

During handling of the above exception, another exception occurred:

Traceback (most recent call last):
  File "/usr/lib/python3.10/threading.py", line 1016, in _bootstrap_inner
    self.run()
  File "/usr/lib/python3.10/threading.py", line 953, in run
    self._target(*self._args, **self._kwargs)
  File "/home/suchy/.espressif/python_env/idf5.1_py3.10_env/lib/python3.10/site-packages/esp_idf_monitor/base/stoppable_thread.py", line 47, in _run_outer
    self.run()
  File "/home/suchy/.espressif/python_env/idf5.1_py3.10_env/lib/python3.10/site-packages/esp_idf_monitor/base/serial_reader.py", line 70, in run
    self.open_serial(self.reset)
  File "/home/suchy/.espressif/python_env/idf5.1_py3.10_env/lib/python3.10/site-packages/esp_idf_monitor/base/serial_reader.py", line 89, in open_serial
    self.reset_strategy._setRTS(HIGH)
  File "/home/suchy/.espressif/python_env/idf5.1_py3.10_env/lib/python3.10/site-packages/esp_idf_monitor/base/reset.py", line 80, in _setRTS
    self.serial_instance.setRTS(value)
  File "/home/suchy/.espressif/python_env/idf5.1_py3.10_env/lib/python3.10/site-packages/serial/serialutil.py", line 600, in setRTS
    self.rts = value
  File "/home/suchy/.espressif/python_env/idf5.1_py3.10_env/lib/python3.10/site-packages/serial/serialutil.py", line 463, in rts
    self._update_rts_state()
  File "/home/suchy/.espressif/python_env/idf5.1_py3.10_env/lib/python3.10/site-packages/serial/serialposix.py", line 708, in _update_rts_state
    fcntl.ioctl(self.fd, TIOCMBIC, TIOCM_RTS_str)
OSError: [Errno 71] Protocol error
[0m
